<?xml version="1.0" encoding="UTF-8"?>
<testsuite name="automation test demoQA" tests="1" skipped="0" failures="0" errors="0" timestamp="2021-12-30T20:34:26" hostname="QV-4278" time="14.432">
  <properties/>
  <testcase name="Scenario: element textbox automation" classname="automation test demoQA" time="14.432"/>
  <system-out><![CDATA[?[92m|-- Example 1: {Full Name=Dante solo, Email=dante@gmail.com, Current Address=1233 st avemaria, Permanent Address=3321 av lindolof}?[0m
?[92m|---- Given that 'carlos' visit the page 'https://demoqa.com/'?[0m
?[92m|------ carlos opens the https://demoqa.com/?[0m
Step argument class io.cucumber.core.gherkin.messages.GherkinMessagesDataTableArgument
?[92m|---- When he selects the textbox in the category elements he records data
| Full Name | Dante solo |
| Email | dante@gmail.com |
| Current Address | 1233 st avemaria |
| Permanent Address | 3321 av lindolof |?[0m
?[92m|------ Carlos fill text box?[0m
?[92m|-------- carlos clicks on Button elements?[0m
?[92m|-------- carlos clicks on Button textbox?[0m
?[92m|-------- carlos enters 'Dante solo' into text box full name?[0m
?[92m|-------- carlos enters 'dante@gmail.com' into text box email?[0m
?[92m|-------- carlos enters '1233 st avemaria' into text area current address?[0m
?[92m|-------- carlos enters '3321 av lindolof' into text area permanent address?[0m
?[92m|-------- carlos clicks on button submit?[0m
Step argument class io.cucumber.core.gherkin.messages.GherkinMessagesDataTableArgument
?[92m|---- Then he can see his data in screen
| Full Name | Dante solo |
| Email | dante@gmail.com |
| Current Address | 1233 st avemaria |
| Permanent Address | 3321 av lindolof |?[0m
?[92m|------ Then verify data in screen question should be (true)?[0m
]]></system-out>
  <system-err><![CDATA[[Test worker] INFO io.cucumber.core.plugin.SerenityReporter - Running feature from file:///C:/Users/USUARIO/Documents/Ejercicios/demoQA-automation/src/test/resources/features/elementTextBox.feature
[Test worker] WARN io.cucumber.core.plugin.SerenityReporter - Feature from file:///C:/Users/USUARIO/Documents/Ejercicios/demoQA-automation/src/test/resources/features/elementTextBox.feature is not under the 'features' directory. Requirements report will not be correctly generated!
[Test worker] INFO  - 
  _____   ___   ___   _____     ___   _____     _     ___   _____   ___   ___  
 |_   _| | __| / __| |_   _|   / __| |_   _|   /_\   | _ \ |_   _| | __| |   \ 
   | |   | _|  \__ \   | |     \__ \   | |    / _ \  |   /   | |   | _|  | |) |
   |_|   |___| |___/   |_|     |___/   |_|   /_/ \_\ |_|_\   |_|   |___| |___/ 

Scenario: element textbox automation(automation-test-demoqa;scenario:-element-textbox-automation)
--------------------------------------------------------------------------------
[Test worker] INFO net.serenitybdd.core.webdriver.driverproviders.ChromeDriverProvider - Using automatically driver download
[Test worker] INFO io.github.bonigarcia.wdm.WebDriverManager - Using chromedriver 96.0.4664.45 (resolved driver for Chrome 96)
[Test worker] INFO io.github.bonigarcia.wdm.WebDriverManager - Exporting webdriver.chrome.driver as C:\Users\USUARIO\.cache\selenium\chromedriver\win32\96.0.4664.45\chromedriver.exe
[Test worker] INFO net.serenitybdd.core.webdriver.driverproviders.ProvideNewDriver - Instantiating driver
[Test worker] INFO net.serenitybdd.core.webdriver.driverproviders.ProvideNewDriver - Driver capabilities: Capabilities {acceptInsecureCerts: false, browserName: chrome, chrome.switches: "--disable-notifications, -..., goog:chromeOptions: {args: [--", --disable-notifications, --enable-automation, --profile-directory=Default, --disable-web-security, --disable-plugins-discovery, --disk-cache-dir=null, --disable-popup-blocking, --disable-download-notifica..., --start-maximized, --ignore-certificate-errors, --allow-running-insecure-co..., --disable-translate, --always-authorize-plugins, --disable-extensions, --incognito"], extensions: []}, loggingPrefs: org.openqa.selenium.logging...}
Starting ChromeDriver 96.0.4664.45 (76e4c1bb2ab4671b8beba3444e61c0f17584b2fc-refs/branch-heads/4664@{#947}) on port 15254
Only local connections are allowed.
Please see https://chromedriver.chromium.org/security-considerations for suggestions on keeping ChromeDriver safe.
ChromeDriver was started successfully.
dic 30, 2021 3:34:28 PM org.openqa.selenium.remote.ProtocolHandshake createSession
INFORMACIÓN: Detected dialect: W3C
[Test worker] INFO  - ?[92m
  _____   ___   ___   _____     ___     _     ___   ___   ___   ___  
 |_   _| | __| / __| |_   _|   | _ \   /_\   / __| / __| | __| |   \ 
   | |   | _|  \__ \   | |     |  _/  / _ \  \__ \ \__ \ | _|  | |) |
   |_|   |___| |___/   |_|     |_|   /_/ \_\ |___/ |___/ |___| |___/ 

Scenario
----------------------------------------------------------------------?[0m
]]></system-err>
</testsuite>
